<?xml version="1.0" encoding="UTF-8"?>
<!-- Generated by org.testng.reporters.JUnitReportReporter -->
<testsuite hostname="Rays-MacBook-Air.local" failures="0" tests="2" name="groupIDMaven.artifactIDMaven.APITest" time="0.015" errors="0" timestamp="2020-10-04T18:25:09 PDT" skipped="0">
  <testcase classname="groupIDMaven.artifactIDMaven.APITest" name="deletePost" time="0.012"/>
  <system-out/>
  <testcase classname="groupIDMaven.artifactIDMaven.APITest" name="postJira" time="0.003"/>
  <system-out/>
</testsuite> <!-- groupIDMaven.artifactIDMaven.APITest -->
