<?xml version="1.0" encoding="UTF-8"?>
<!-- Generated by org.testng.reporters.JUnitReportReporter -->
<testsuite hostname="Rays-MacBook-Air.local" failures="0" tests="2" name="groupIDMaven.artifactIDMaven.AppiumTest" time="0.007" errors="0" timestamp="2020-10-04T19:45:21 PDT" skipped="0">
  <testcase classname="groupIDMaven.artifactIDMaven.AppiumTest" name="appDetect" time="0.006"/>
  <system-out/>
  <testcase classname="groupIDMaven.artifactIDMaven.AppiumTest" name="mobileLogin" time="0.001"/>
  <system-out/>
</testsuite> <!-- groupIDMaven.artifactIDMaven.AppiumTest -->
