<?xml version="1.0" encoding="UTF-8"?>
<!-- Generated by org.testng.reporters.JUnitReportReporter -->
<testsuite hostname="Rays-MacBook-Air.local" failures="0" tests="1" name="groupIDMaven.artifactIDMaven.Sample" time="0.000" errors="0" timestamp="2020-10-04T19:45:01 PDT" skipped="0">
  <testcase classname="groupIDMaven.artifactIDMaven.Sample" name="sayHello" time="0.000"/>
  <system-out/>
</testsuite> <!-- groupIDMaven.artifactIDMaven.Sample -->
